<?xml version="1.0" encoding="UTF-8"?>
<testng-results ignored="0" total="4" passed="4" failed="0" skipped="0">
  <reporter-output>
  </reporter-output>
  <suite started-at="2022-09-06T14:45:05 IST" name="Default suite" finished-at="2022-09-06T14:45:48 IST" duration-ms="42300">
    <groups>
    </groups>
    <test started-at="2022-09-06T14:45:05 IST" name="Default test" finished-at="2022-09-06T14:45:48 IST" duration-ms="42300">
      <class name="com.qa.TestLayer.TestRunner">
        <test-method signature="test(java.lang.String,java.lang.String)[pri:0, instance:com.qa.TestLayer.TestRunner@1d9b7cce]" started-at="2022-09-06T14:45:06 IST" name="test" data-provider="create" finished-at="2022-09-06T14:45:19 IST" duration-ms="13151" status="PASS">
          <params>
            <param index="0">
              <value>
                <![CDATA[standard_user]]>
              </value>
            </param>
            <param index="1">
              <value>
                <![CDATA[secret_sauce]]>
              </value>
            </param>
          </params>
          <reporter-output>
          </reporter-output>
        </test-method> <!-- test -->
        <test-method signature="test(java.lang.String,java.lang.String)[pri:0, instance:com.qa.TestLayer.TestRunner@1d9b7cce]" started-at="2022-09-06T14:45:19 IST" name="test" data-provider="create" finished-at="2022-09-06T14:45:26 IST" duration-ms="7363" status="PASS">
          <params>
            <param index="0">
              <value>
                <![CDATA[locked_out_user]]>
              </value>
            </param>
            <param index="1">
              <value>
                <![CDATA[secret_sauce]]>
              </value>
            </param>
          </params>
          <reporter-output>
          </reporter-output>
        </test-method> <!-- test -->
        <test-method signature="test(java.lang.String,java.lang.String)[pri:0, instance:com.qa.TestLayer.TestRunner@1d9b7cce]" started-at="2022-09-06T14:45:26 IST" name="test" data-provider="create" finished-at="2022-09-06T14:45:35 IST" duration-ms="8767" status="PASS">
          <params>
            <param index="0">
              <value>
                <![CDATA[problem_user]]>
              </value>
            </param>
            <param index="1">
              <value>
                <![CDATA[secret_sauce]]>
              </value>
            </param>
          </params>
          <reporter-output>
          </reporter-output>
        </test-method> <!-- test -->
        <test-method signature="test(java.lang.String,java.lang.String)[pri:0, instance:com.qa.TestLayer.TestRunner@1d9b7cce]" started-at="2022-09-06T14:45:35 IST" name="test" data-provider="create" finished-at="2022-09-06T14:45:48 IST" duration-ms="12762" status="PASS">
          <params>
            <param index="0">
              <value>
                <![CDATA[performance_glitch_user]]>
              </value>
            </param>
            <param index="1">
              <value>
                <![CDATA[secret_sauce]]>
              </value>
            </param>
          </params>
          <reporter-output>
          </reporter-output>
        </test-method> <!-- test -->
      </class> <!-- com.qa.TestLayer.TestRunner -->
    </test> <!-- Default test -->
  </suite> <!-- Default suite -->
</testng-results>
