<?xml version="1.0" encoding="UTF-8"?>
<testng-results ignored="0" total="1" passed="1" failed="0" skipped="0">
  <reporter-output>
  </reporter-output>
  <suite started-at="2022-08-03T23:10:25 IST" name="Default suite" finished-at="2022-08-03T23:10:54 IST" duration-ms="29317">
    <groups>
    </groups>
    <test started-at="2022-08-03T23:10:25 IST" name="Default test" finished-at="2022-08-03T23:10:54 IST" duration-ms="29317">
      <class name="com.qa.testcase.TestCase">
        <test-method is-config="true" signature="setUp()[pri:0, instance:com.qa.testcase.TestCase@6ca8564a]" started-at="2022-08-03T23:10:25 IST" name="setUp" finished-at="2022-08-03T23:10:39 IST" duration-ms="14027" status="PASS">
          <reporter-output>
          </reporter-output>
        </test-method> <!-- setUp -->
        <test-method signature="LoginPage()[pri:0, instance:com.qa.testcase.TestCase@6ca8564a]" started-at="2022-08-03T23:10:39 IST" name="LoginPage" finished-at="2022-08-03T23:10:54 IST" duration-ms="14542" status="PASS">
          <reporter-output>
          </reporter-output>
        </test-method> <!-- LoginPage -->
        <test-method is-config="true" signature="tearDown1()[pri:0, instance:com.qa.testcase.TestCase@6ca8564a]" started-at="2022-08-03T23:10:54 IST" name="tearDown1" finished-at="2022-08-03T23:10:54 IST" duration-ms="574" status="PASS">
          <reporter-output>
          </reporter-output>
        </test-method> <!-- tearDown1 -->
      </class> <!-- com.qa.testcase.TestCase -->
    </test> <!-- Default test -->
  </suite> <!-- Default suite -->
</testng-results>
