<?xml version="1.0" encoding="UTF-8"?>
<!-- Generated by org.testng.reporters.JUnitXMLReporter -->
<testsuite ignored="0" hostname="VILAS-PATIL" failures="0" tests="4" name="Default test" time="42.3" errors="0" timestamp="2022-09-06T14:45:48 IST">
  <testcase classname="com.qa.TestLayer.TestRunner" name="test" time="13.151"/>
  <testcase classname="com.qa.TestLayer.TestRunner" name="test" time="7.363"/>
  <testcase classname="com.qa.TestLayer.TestRunner" name="test" time="8.767"/>
  <testcase classname="com.qa.TestLayer.TestRunner" name="test" time="12.762"/>
</testsuite> <!-- Default test -->
